Symlinking /home/yuki/git/ctyuen2022/catkin_ws/devel_release/share/gennodejs/ros/rosilo_datalogger/_index.js
Symlinking /home/yuki/git/ctyuen2022/catkin_ws/devel_release/share/gennodejs/ros/rosilo_datalogger/msg/_index.js
Symlinking /home/yuki/git/ctyuen2022/catkin_ws/devel_release/share/gennodejs/ros/rosilo_datalogger/msg/AddValueMsg.js
Symlinking /home/yuki/git/ctyuen2022/catkin_ws/devel_release/share/gennodejs/ros/rosilo_datalogger/srv/Save.js
Symlinking /home/yuki/git/ctyuen2022/catkin_ws/devel_release/share/gennodejs/ros/rosilo_datalogger/srv/_index.js
Symlinking /home/yuki/git/ctyuen2022/catkin_ws/devel_release/share/roseus/ros/rosilo_datalogger/manifest.l
Symlinking /home/yuki/git/ctyuen2022/catkin_ws/devel_release/share/roseus/ros/rosilo_datalogger/msg/AddValueMsg.l
Symlinking /home/yuki/git/ctyuen2022/catkin_ws/devel_release/share/roseus/ros/rosilo_datalogger/srv/Save.l
Symlinking /home/yuki/git/ctyuen2022/catkin_ws/devel_release/share/rosilo_datalogger/cmake/rosilo_datalogger-msg-paths.cmake
Symlinking /home/yuki/git/ctyuen2022/catkin_ws/devel_release/share/rosilo_datalogger/cmake/rosilo_datalogger-msg-extras.cmake
Symlinking /home/yuki/git/ctyuen2022/catkin_ws/devel_release/share/rosilo_datalogger/cmake/rosilo_dataloggerConfig-version.cmake
Symlinking /home/yuki/git/ctyuen2022/catkin_ws/devel_release/share/rosilo_datalogger/cmake/rosilo_dataloggerConfig.cmake
Symlinking /home/yuki/git/ctyuen2022/catkin_ws/devel_release/share/common-lisp/ros/rosilo_datalogger/msg/AddValueMsg.lisp
Symlinking /home/yuki/git/ctyuen2022/catkin_ws/devel_release/share/common-lisp/ros/rosilo_datalogger/msg/_package.lisp
Symlinking /home/yuki/git/ctyuen2022/catkin_ws/devel_release/share/common-lisp/ros/rosilo_datalogger/msg/_package_AddValueMsg.lisp
Symlinking /home/yuki/git/ctyuen2022/catkin_ws/devel_release/share/common-lisp/ros/rosilo_datalogger/msg/rosilo_datalogger-msg.asd
Symlinking /home/yuki/git/ctyuen2022/catkin_ws/devel_release/share/common-lisp/ros/rosilo_datalogger/srv/_package_Save.lisp
Symlinking /home/yuki/git/ctyuen2022/catkin_ws/devel_release/share/common-lisp/ros/rosilo_datalogger/srv/rosilo_datalogger-srv.asd
Symlinking /home/yuki/git/ctyuen2022/catkin_ws/devel_release/share/common-lisp/ros/rosilo_datalogger/srv/_package.lisp
Symlinking /home/yuki/git/ctyuen2022/catkin_ws/devel_release/share/common-lisp/ros/rosilo_datalogger/srv/Save.lisp
Symlinking /home/yuki/git/ctyuen2022/catkin_ws/devel_release/lib/librosilo_datalogger.so
Symlinking /home/yuki/git/ctyuen2022/catkin_ws/devel_release/lib/pkgconfig/rosilo_datalogger.pc
Symlinking /home/yuki/git/ctyuen2022/catkin_ws/devel_release/lib/python3/dist-packages/rosilo_datalogger/__init__.py
Symlinking /home/yuki/git/ctyuen2022/catkin_ws/devel_release/lib/python3/dist-packages/rosilo_datalogger/msg/__init__.py
Symlinking /home/yuki/git/ctyuen2022/catkin_ws/devel_release/lib/python3/dist-packages/rosilo_datalogger/msg/_AddValueMsg.py
Symlinking /home/yuki/git/ctyuen2022/catkin_ws/devel_release/lib/python3/dist-packages/rosilo_datalogger/srv/_Save.py
Symlinking /home/yuki/git/ctyuen2022/catkin_ws/devel_release/lib/python3/dist-packages/rosilo_datalogger/srv/__init__.py
Symlinking /home/yuki/git/ctyuen2022/catkin_ws/devel_release/include/rosilo_datalogger/SaveRequest.h
Symlinking /home/yuki/git/ctyuen2022/catkin_ws/devel_release/include/rosilo_datalogger/AddValueMsg.h
Symlinking /home/yuki/git/ctyuen2022/catkin_ws/devel_release/include/rosilo_datalogger/SaveResponse.h
Symlinking /home/yuki/git/ctyuen2022/catkin_ws/devel_release/include/rosilo_datalogger/Save.h
