[35m[1mScanning dependencies of target rosgraph_msgs_generate_messages_lisp[0m
[35m[1mScanning dependencies of target std_msgs_generate_messages_eus[0m
[35m[1mScanning dependencies of target _rosilo_datalogger_generate_messages_check_deps_AddValueMsg[0m
[35m[1mScanning dependencies of target _rosilo_datalogger_generate_messages_check_deps_Save[0m
[35m[1mScanning dependencies of target rosilo_datalogger_OTHER_FILES[0m
[35m[1mScanning dependencies of target std_msgs_generate_messages_cpp[0m
[35m[1mScanning dependencies of target std_msgs_generate_messages_py[0m
[35m[1mScanning dependencies of target roscpp_generate_messages_lisp[0m
[35m[1mScanning dependencies of target rosgraph_msgs_generate_messages_cpp[0m
[35m[1mScanning dependencies of target std_msgs_generate_messages_nodejs[0m
[35m[1mScanning dependencies of target roscpp_generate_messages_nodejs[0m
[35m[1mScanning dependencies of target rosgraph_msgs_generate_messages_eus[0m
[35m[1mScanning dependencies of target std_msgs_generate_messages_lisp[0m
[  0%] Built target roscpp_generate_messages_lisp
[  0%] Built target std_msgs_generate_messages_eus
[  0%] Built target rosilo_datalogger_OTHER_FILES
[  0%] Built target rosgraph_msgs_generate_messages_cpp
[  0%] Built target rosgraph_msgs_generate_messages_lisp
[  0%] Built target std_msgs_generate_messages_cpp
[  0%] Built target std_msgs_generate_messages_py
[  0%] Built target std_msgs_generate_messages_nodejs
[  0%] Built target std_msgs_generate_messages_lisp
[  0%] Built target rosgraph_msgs_generate_messages_eus
[  0%] Built target roscpp_generate_messages_nodejs
[35m[1mScanning dependencies of target roscpp_generate_messages_py[0m
[35m[1mScanning dependencies of target roscpp_generate_messages_eus[0m
[35m[1mScanning dependencies of target _catkin_empty_exported_target[0m
[35m[1mScanning dependencies of target rosgraph_msgs_generate_messages_py[0m
[35m[1mScanning dependencies of target roscpp_generate_messages_cpp[0m
[35m[1mScanning dependencies of target rosgraph_msgs_generate_messages_nodejs[0m
[  0%] Built target _catkin_empty_exported_target
[  0%] Built target rosgraph_msgs_generate_messages_py
[  0%] Built target roscpp_generate_messages_py
[  0%] Built target roscpp_generate_messages_eus
[  0%] Built target roscpp_generate_messages_cpp
[  0%] Built target rosgraph_msgs_generate_messages_nodejs
[  0%] Built target _rosilo_datalogger_generate_messages_check_deps_Save
[  0%] Built target _rosilo_datalogger_generate_messages_check_deps_AddValueMsg
[35m[1mScanning dependencies of target rosilo_datalogger_generate_messages_nodejs[0m
[35m[1mScanning dependencies of target rosilo_datalogger_generate_messages_py[0m
[35m[1mScanning dependencies of target rosilo_datalogger_generate_messages_cpp[0m
[35m[1mScanning dependencies of target rosilo_datalogger_generate_messages_lisp[0m
[35m[1mScanning dependencies of target rosilo_datalogger_generate_messages_eus[0m
[ 13%] [34m[1mGenerating C++ code from rosilo_datalogger/Save.srv[0m
[ 13%] [34m[1mGenerating Javascript code from rosilo_datalogger/AddValueMsg.msg[0m
[ 20%] [34m[1mGenerating Python from MSG rosilo_datalogger/AddValueMsg[0m
[ 26%] [34m[1mGenerating Lisp code from rosilo_datalogger/AddValueMsg.msg[0m
[ 33%] [34m[1mGenerating Python code from SRV rosilo_datalogger/Save[0m
[ 53%] [34m[1mGenerating Lisp code from rosilo_datalogger/Save.srv[0m
[ 53%] [34m[1mGenerating C++ code from rosilo_datalogger/AddValueMsg.msg[0m
[ 53%] [34m[1mGenerating Javascript code from rosilo_datalogger/Save.srv[0m
[ 60%] [34m[1mGenerating EusLisp code from rosilo_datalogger/Save.srv[0m
[ 73%] [34m[1mGenerating EusLisp code from rosilo_datalogger/AddValueMsg.msg[0m
[ 73%] [34m[1mGenerating EusLisp manifest code for rosilo_datalogger[0m
[ 73%] Built target rosilo_datalogger_generate_messages_lisp
[ 73%] Built target rosilo_datalogger_generate_messages_nodejs
[ 73%] Built target rosilo_datalogger_generate_messages_cpp
[ 86%] [34m[1mGenerating Python msg __init__.py for rosilo_datalogger[0m
[ 86%] [34m[1mGenerating Python srv __init__.py for rosilo_datalogger[0m
[ 86%] Built target rosilo_datalogger_generate_messages_py
[ 86%] Built target rosilo_datalogger_generate_messages_eus
[35m[1mScanning dependencies of target rosilo_datalogger_generate_messages[0m
[35m[1mScanning dependencies of target rosilo_datalogger[0m
[ 86%] Built target rosilo_datalogger_generate_messages
[ 93%] [32mBuilding CXX object CMakeFiles/rosilo_datalogger.dir/src/rosilo_datalogger_interface.cpp.o[0m
[100%] [32m[1mLinking CXX shared library /home/yuki/git/ctyuen2022/catkin_ws/devel_release/.private/rosilo_datalogger/lib/librosilo_datalogger.so[0m
[100%] Built target rosilo_datalogger
