Symlinking /home/yuki/git/ctyuen2022/catkin_ws/devel_release/share/gennodejs/ros/robot_control/_index.js
Symlinking /home/yuki/git/ctyuen2022/catkin_ws/devel_release/share/gennodejs/ros/robot_control/msg/_index.js
Symlinking /home/yuki/git/ctyuen2022/catkin_ws/devel_release/share/gennodejs/ros/robot_control/msg/ROI.js
Symlinking /home/yuki/git/ctyuen2022/catkin_ws/devel_release/share/gennodejs/ros/robot_control/msg/ImgShowMsg.js
Symlinking /home/yuki/git/ctyuen2022/catkin_ws/devel_release/share/robot_control/cmake/robot_control-msg-extras.cmake
Symlinking /home/yuki/git/ctyuen2022/catkin_ws/devel_release/share/robot_control/cmake/robot_controlConfig-version.cmake
Symlinking /home/yuki/git/ctyuen2022/catkin_ws/devel_release/share/robot_control/cmake/robot_control-msg-paths.cmake
Symlinking /home/yuki/git/ctyuen2022/catkin_ws/devel_release/share/robot_control/cmake/robot_controlConfig.cmake
Symlinking /home/yuki/git/ctyuen2022/catkin_ws/devel_release/share/roseus/ros/robot_control/manifest.l
Symlinking /home/yuki/git/ctyuen2022/catkin_ws/devel_release/share/roseus/ros/robot_control/msg/ImgShowMsg.l
Symlinking /home/yuki/git/ctyuen2022/catkin_ws/devel_release/share/roseus/ros/robot_control/msg/ROI.l
Symlinking /home/yuki/git/ctyuen2022/catkin_ws/devel_release/share/common-lisp/ros/robot_control/msg/ROI.lisp
Symlinking /home/yuki/git/ctyuen2022/catkin_ws/devel_release/share/common-lisp/ros/robot_control/msg/ImgShowMsg.lisp
Symlinking /home/yuki/git/ctyuen2022/catkin_ws/devel_release/share/common-lisp/ros/robot_control/msg/_package_ImgShowMsg.lisp
Symlinking /home/yuki/git/ctyuen2022/catkin_ws/devel_release/share/common-lisp/ros/robot_control/msg/robot_control-msg.asd
Symlinking /home/yuki/git/ctyuen2022/catkin_ws/devel_release/share/common-lisp/ros/robot_control/msg/_package.lisp
Symlinking /home/yuki/git/ctyuen2022/catkin_ws/devel_release/share/common-lisp/ros/robot_control/msg/_package_ROI.lisp
Symlinking /home/yuki/git/ctyuen2022/catkin_ws/devel_release/lib/robot_control/moonshot_drill_robot_node
Symlinking /home/yuki/git/ctyuen2022/catkin_ws/devel_release/lib/pkgconfig/robot_control.pc
Symlinking /home/yuki/git/ctyuen2022/catkin_ws/devel_release/lib/python3/dist-packages/robot_control/__init__.py
Symlinking /home/yuki/git/ctyuen2022/catkin_ws/devel_release/lib/python3/dist-packages/robot_control/msg/__init__.py
Symlinking /home/yuki/git/ctyuen2022/catkin_ws/devel_release/lib/python3/dist-packages/robot_control/msg/_ROI.py
Symlinking /home/yuki/git/ctyuen2022/catkin_ws/devel_release/lib/python3/dist-packages/robot_control/msg/_ImgShowMsg.py
Symlinking /home/yuki/git/ctyuen2022/catkin_ws/devel_release/include/robot_control/ROI.h
Symlinking /home/yuki/git/ctyuen2022/catkin_ws/devel_release/include/robot_control/ImgShowMsg.h
