[35m[1mScanning dependencies of target std_msgs_generate_messages_nodejs[0m
[35m[1mScanning dependencies of target geometry_msgs_generate_messages_eus[0m
[35m[1mScanning dependencies of target _robot_control_generate_messages_check_deps_ImgShowMsg[0m
[35m[1mScanning dependencies of target _robot_control_generate_messages_check_deps_ROI[0m
[35m[1mScanning dependencies of target sensor_msgs_generate_messages_nodejs[0m
[35m[1mScanning dependencies of target sensor_msgs_generate_messages_py[0m
[35m[1mScanning dependencies of target geometry_msgs_generate_messages_py[0m
[35m[1mScanning dependencies of target rosilo_datalogger_generate_messages_nodejs[0m
[35m[1mScanning dependencies of target std_msgs_generate_messages_eus[0m
[35m[1mScanning dependencies of target rosilo_datalogger_generate_messages_lisp[0m
[35m[1mScanning dependencies of target rosgraph_msgs_generate_messages_lisp[0m
[35m[1mScanning dependencies of target sensor_msgs_generate_messages_eus[0m
[35m[1mScanning dependencies of target sas_datalogger_generate_messages_eus[0m
[35m[1mScanning dependencies of target std_msgs_generate_messages_lisp[0m
[35m[1mScanning dependencies of target std_msgs_generate_messages_cpp[0m
[35m[1mScanning dependencies of target rosilo_datalogger_generate_messages_cpp[0m
[35m[1mScanning dependencies of target rosgraph_msgs_generate_messages_nodejs[0m
[35m[1mScanning dependencies of target std_msgs_generate_messages_py[0m
[35m[1mScanning dependencies of target sas_operator_side_receiver_generate_messages_py[0m
[35m[1mScanning dependencies of target sas_datalogger_generate_messages_nodejs[0m
[35m[1mScanning dependencies of target roscpp_generate_messages_lisp[0m
[35m[1mScanning dependencies of target geometry_msgs_generate_messages_lisp[0m
[  0%] Built target sensor_msgs_generate_messages_py
[  0%] Built target std_msgs_generate_messages_nodejs
[  0%] Built target rosilo_datalogger_generate_messages_lisp
[35m[1mScanning dependencies of target rosgraph_msgs_generate_messages_py[0m
[  0%] Built target sensor_msgs_generate_messages_nodejs
[  0%] Built target rosilo_datalogger_generate_messages_nodejs
[  0%] Built target std_msgs_generate_messages_eus
[  0%] Built target geometry_msgs_generate_messages_eus
[  0%] Built target rosgraph_msgs_generate_messages_lisp
[  0%] Built target std_msgs_generate_messages_lisp
[  0%] Built target sensor_msgs_generate_messages_eus
[35m[1mScanning dependencies of target roscpp_generate_messages_py[0m
[  0%] Built target std_msgs_generate_messages_cpp
[  0%] Built target rosgraph_msgs_generate_messages_nodejs
[  0%] Built target geometry_msgs_generate_messages_lisp
[  0%] Built target sas_datalogger_generate_messages_nodejs
[  0%] Built target sas_operator_side_receiver_generate_messages_py
[  0%] Built target rosilo_datalogger_generate_messages_cpp
[  0%] Built target sas_datalogger_generate_messages_eus
[  0%] Built target geometry_msgs_generate_messages_py
[35m[1mScanning dependencies of target geometry_msgs_generate_messages_cpp[0m
[35m[1mScanning dependencies of target rosgraph_msgs_generate_messages_eus[0m
[35m[1mScanning dependencies of target rosilo_datalogger_generate_messages_py[0m
[  0%] Built target rosgraph_msgs_generate_messages_py
[  0%] Built target std_msgs_generate_messages_py
[35m[1mScanning dependencies of target roscpp_generate_messages_nodejs[0m
[35m[1mScanning dependencies of target roscpp_generate_messages_cpp[0m
[35m[1mScanning dependencies of target sas_operator_side_receiver_generate_messages_cpp[0m
[35m[1mScanning dependencies of target rosilo_datalogger_generate_messages_eus[0m
[35m[1mScanning dependencies of target geometry_msgs_generate_messages_nodejs[0m
[35m[1mScanning dependencies of target rosgraph_msgs_generate_messages_cpp[0m
[35m[1mScanning dependencies of target sas_operator_side_receiver_generate_messages_lisp[0m
[35m[1mScanning dependencies of target sas_operator_side_receiver_generate_messages_eus[0m
[  0%] Built target roscpp_generate_messages_py
[35m[1mScanning dependencies of target sensor_msgs_generate_messages_lisp[0m
[35m[1mScanning dependencies of target sensor_msgs_generate_messages_cpp[0m
[35m[1mScanning dependencies of target sas_datalogger_generate_messages_cpp[0m
[  0%] Built target roscpp_generate_messages_lisp
[35m[1mScanning dependencies of target sas_datalogger_generate_messages_lisp[0m
[35m[1mScanning dependencies of target sas_operator_side_receiver_generate_messages_nodejs[0m
[35m[1mScanning dependencies of target roscpp_generate_messages_eus[0m
[  0%] Built target rosgraph_msgs_generate_messages_eus
[35m[1mScanning dependencies of target sas_datalogger_generate_messages_py[0m
[  0%] Built target rosgraph_msgs_generate_messages_cpp
[  0%] Built target rosilo_datalogger_generate_messages_py
[  0%] Built target geometry_msgs_generate_messages_cpp
[  0%] Built target geometry_msgs_generate_messages_nodejs
[  0%] Built target sas_operator_side_receiver_generate_messages_eus
[  0%] Built target sas_operator_side_receiver_generate_messages_lisp
[  0%] Built target roscpp_generate_messages_nodejs
[  0%] Built target roscpp_generate_messages_cpp
[35m[1mScanning dependencies of target robot_control_OTHER_FILES[0m
[  0%] Built target sas_operator_side_receiver_generate_messages_cpp
[  0%] Built target sensor_msgs_generate_messages_cpp
[  0%] Built target sensor_msgs_generate_messages_lisp
[  0%] Built target sas_datalogger_generate_messages_cpp
[  0%] Built target rosilo_datalogger_generate_messages_eus
[  0%] Built target sas_datalogger_generate_messages_lisp
[  0%] Built target sas_datalogger_generate_messages_py
[  0%] Built target sas_operator_side_receiver_generate_messages_nodejs
[  0%] Built target roscpp_generate_messages_eus
[  0%] Built target _robot_control_generate_messages_check_deps_ROI
[  0%] Built target robot_control_OTHER_FILES
[  0%] Built target _robot_control_generate_messages_check_deps_ImgShowMsg
[35m[1mScanning dependencies of target robot_control_generate_messages_nodejs[0m
[35m[1mScanning dependencies of target robot_control_generate_messages_cpp[0m
[35m[1mScanning dependencies of target robot_control_generate_messages_py[0m
[35m[1mScanning dependencies of target robot_control_generate_messages_eus[0m
[35m[1mScanning dependencies of target robot_control_generate_messages_lisp[0m
[ 31%] [34m[1mGenerating Python from MSG robot_control/ImgShowMsg[0m
[ 31%] [34m[1mGenerating C++ code from robot_control/ROI.msg[0m
[ 31%] [34m[1mGenerating Javascript code from robot_control/ROI.msg[0m
[ 31%] [34m[1mGenerating C++ code from robot_control/ImgShowMsg.msg[0m
[ 31%] [34m[1mGenerating Javascript code from robot_control/ImgShowMsg.msg[0m
[ 43%] [34m[1mGenerating EusLisp code from robot_control/ROI.msg[0m
[ 43%] [34m[1mGenerating EusLisp code from robot_control/ImgShowMsg.msg[0m
[ 50%] [34m[1mGenerating Lisp code from robot_control/ROI.msg[0m
[ 68%] [34m[1mGenerating Python from MSG robot_control/ROI[0m
[ 68%] [34m[1mGenerating Lisp code from robot_control/ImgShowMsg.msg[0m
[ 68%] [34m[1mGenerating EusLisp manifest code for robot_control[0m
[ 68%] Built target robot_control_generate_messages_lisp
[ 68%] Built target robot_control_generate_messages_nodejs
[ 75%] [34m[1mGenerating Python msg __init__.py for robot_control[0m
[ 75%] Built target robot_control_generate_messages_cpp
[ 75%] Built target robot_control_generate_messages_py
[ 75%] Built target robot_control_generate_messages_eus
[35m[1mScanning dependencies of target robot_control_generate_messages[0m
[35m[1mScanning dependencies of target moonshot_drill_robot_node[0m
[ 75%] Built target robot_control_generate_messages
[ 87%] [32mBuilding CXX object CMakeFiles/moonshot_drill_robot_node.dir/src/moonshot_drill_robot_node.cpp.o[0m
[ 93%] [32mBuilding CXX object CMakeFiles/moonshot_drill_robot_node.dir/src/moonshot_drill_robot.cpp.o[0m
[ 93%] [32mBuilding CXX object CMakeFiles/moonshot_drill_robot_node.dir/src/MoonshotDrillVrepRobot.cpp.o[0m
[100%] [32m[1mLinking CXX executable /home/yuki/git/ctyuen2022/catkin_ws/devel_release/.private/robot_control/lib/robot_control/moonshot_drill_robot_node[0m
[100%] Built target moonshot_drill_robot_node
