Symlinking /home/yuki/git/ctyuen2022/catkin_ws/devel_release/share/gennodejs/ros/rosilo_polaris_vega/_index.js
Symlinking /home/yuki/git/ctyuen2022/catkin_ws/devel_release/share/gennodejs/ros/rosilo_polaris_vega/msg/_index.js
Symlinking /home/yuki/git/ctyuen2022/catkin_ws/devel_release/share/gennodejs/ros/rosilo_polaris_vega/msg/ToolsPoseArray.js
Symlinking /home/yuki/git/ctyuen2022/catkin_ws/devel_release/share/rosilo_polaris_vega/cmake/rosilo_polaris_vega-msg-paths.cmake
Symlinking /home/yuki/git/ctyuen2022/catkin_ws/devel_release/share/rosilo_polaris_vega/cmake/rosilo_polaris_vegaConfig-version.cmake
Symlinking /home/yuki/git/ctyuen2022/catkin_ws/devel_release/share/rosilo_polaris_vega/cmake/rosilo_polaris_vegaConfig.cmake
Symlinking /home/yuki/git/ctyuen2022/catkin_ws/devel_release/share/rosilo_polaris_vega/cmake/rosilo_polaris_vega-msg-extras.cmake
Symlinking /home/yuki/git/ctyuen2022/catkin_ws/devel_release/share/roseus/ros/rosilo_polaris_vega/manifest.l
Symlinking /home/yuki/git/ctyuen2022/catkin_ws/devel_release/share/roseus/ros/rosilo_polaris_vega/msg/ToolsPoseArray.l
Symlinking /home/yuki/git/ctyuen2022/catkin_ws/devel_release/share/common-lisp/ros/rosilo_polaris_vega/msg/ToolsPoseArray.lisp
Symlinking /home/yuki/git/ctyuen2022/catkin_ws/devel_release/share/common-lisp/ros/rosilo_polaris_vega/msg/rosilo_polaris_vega-msg.asd
Symlinking /home/yuki/git/ctyuen2022/catkin_ws/devel_release/share/common-lisp/ros/rosilo_polaris_vega/msg/_package_ToolsPoseArray.lisp
Symlinking /home/yuki/git/ctyuen2022/catkin_ws/devel_release/share/common-lisp/ros/rosilo_polaris_vega/msg/_package.lisp
Symlinking /home/yuki/git/ctyuen2022/catkin_ws/devel_release/lib/librosilo_polaris_vega.so
Symlinking /home/yuki/git/ctyuen2022/catkin_ws/devel_release/lib/pkgconfig/rosilo_polaris_vega.pc
Symlinking /home/yuki/git/ctyuen2022/catkin_ws/devel_release/lib/rosilo_polaris_vega/rosilo_polaris_vega_interface_example
Symlinking /home/yuki/git/ctyuen2022/catkin_ws/devel_release/lib/python3/dist-packages/rosilo_polaris_vega/__init__.py
Symlinking /home/yuki/git/ctyuen2022/catkin_ws/devel_release/lib/python3/dist-packages/rosilo_polaris_vega/msg/__init__.py
Symlinking /home/yuki/git/ctyuen2022/catkin_ws/devel_release/lib/python3/dist-packages/rosilo_polaris_vega/msg/_ToolsPoseArray.py
Symlinking /home/yuki/git/ctyuen2022/catkin_ws/devel_release/include/rosilo_polaris_vega/ToolsPoseArray.h
