[35m[1mScanning dependencies of target std_msgs_generate_messages_py[0m
[35m[1mScanning dependencies of target rosgraph_msgs_generate_messages_lisp[0m
[35m[1mScanning dependencies of target geometry_msgs_generate_messages_lisp[0m
[35m[1mScanning dependencies of target std_msgs_generate_messages_eus[0m
[35m[1mScanning dependencies of target geometry_msgs_generate_messages_cpp[0m
[35m[1mScanning dependencies of target std_msgs_generate_messages_lisp[0m
[35m[1mScanning dependencies of target rosgraph_msgs_generate_messages_py[0m
[35m[1mScanning dependencies of target std_msgs_generate_messages_cpp[0m
[35m[1mScanning dependencies of target roscpp_generate_messages_nodejs[0m
[35m[1mScanning dependencies of target _rosilo_polaris_vega_generate_messages_check_deps_ToolsPoseArray[0m
[35m[1mScanning dependencies of target geometry_msgs_generate_messages_py[0m
[35m[1mScanning dependencies of target rosgraph_msgs_generate_messages_nodejs[0m
[35m[1mScanning dependencies of target geometry_msgs_generate_messages_eus[0m
[35m[1mScanning dependencies of target geometry_msgs_generate_messages_nodejs[0m
[35m[1mScanning dependencies of target roscpp_generate_messages_cpp[0m
[35m[1mScanning dependencies of target std_msgs_generate_messages_nodejs[0m
[35m[1mScanning dependencies of target _catkin_empty_exported_target[0m
[35m[1mScanning dependencies of target roscpp_generate_messages_lisp[0m
[35m[1mScanning dependencies of target rosgraph_msgs_generate_messages_eus[0m
[  0%] Built target roscpp_generate_messages_nodejs
[  0%] Built target geometry_msgs_generate_messages_eus
[  0%] Built target rosgraph_msgs_generate_messages_lisp
[  0%] Built target std_msgs_generate_messages_lisp
[  0%] Built target std_msgs_generate_messages_cpp
[  0%] Built target rosgraph_msgs_generate_messages_py
[  0%] Built target geometry_msgs_generate_messages_cpp
[  0%] Built target rosgraph_msgs_generate_messages_nodejs
[35m[1mScanning dependencies of target roscpp_generate_messages_eus[0m
[35m[1mScanning dependencies of target rosgraph_msgs_generate_messages_cpp[0m
[  0%] Built target std_msgs_generate_messages_nodejs
[  0%] Built target std_msgs_generate_messages_py
[  0%] Built target std_msgs_generate_messages_eus
[  0%] Built target geometry_msgs_generate_messages_py
[  0%] Built target geometry_msgs_generate_messages_lisp
[  0%] Built target geometry_msgs_generate_messages_nodejs
[  0%] Built target _catkin_empty_exported_target
[  0%] Built target roscpp_generate_messages_cpp
[  0%] Built target roscpp_generate_messages_lisp
[  0%] Built target roscpp_generate_messages_eus
[35m[1mScanning dependencies of target roscpp_generate_messages_py[0m
[35m[1mScanning dependencies of target rosilo_polaris_vega_OTHER_FILES[0m
[  0%] Built target rosgraph_msgs_generate_messages_cpp
[  0%] Built target rosgraph_msgs_generate_messages_eus
[  0%] Built target roscpp_generate_messages_py
[  0%] Built target rosilo_polaris_vega_OTHER_FILES
[  0%] Built target _rosilo_polaris_vega_generate_messages_check_deps_ToolsPoseArray
[35m[1mScanning dependencies of target rosilo_polaris_vega_generate_messages_lisp[0m
[35m[1mScanning dependencies of target rosilo_polaris_vega_generate_messages_eus[0m
[35m[1mScanning dependencies of target rosilo_polaris_vega_generate_messages_cpp[0m
[35m[1mScanning dependencies of target rosilo_polaris_vega_generate_messages_py[0m
[35m[1mScanning dependencies of target rosilo_polaris_vega_generate_messages_nodejs[0m
[ 36%] [34m[1mGenerating EusLisp code from rosilo_polaris_vega/ToolsPoseArray.msg[0m
[ 36%] [34m[1mGenerating Python from MSG rosilo_polaris_vega/ToolsPoseArray[0m
[ 36%] [34m[1mGenerating Lisp code from rosilo_polaris_vega/ToolsPoseArray.msg[0m
[ 36%] [34m[1mGenerating Javascript code from rosilo_polaris_vega/ToolsPoseArray.msg[0m
[ 45%] [34m[1mGenerating C++ code from rosilo_polaris_vega/ToolsPoseArray.msg[0m
[ 54%] [34m[1mGenerating EusLisp manifest code for rosilo_polaris_vega[0m
[ 54%] Built target rosilo_polaris_vega_generate_messages_lisp
[ 54%] Built target rosilo_polaris_vega_generate_messages_nodejs
[ 54%] Built target rosilo_polaris_vega_generate_messages_cpp
[ 63%] [34m[1mGenerating Python msg __init__.py for rosilo_polaris_vega[0m
[ 63%] Built target rosilo_polaris_vega_generate_messages_py
[ 63%] Built target rosilo_polaris_vega_generate_messages_eus
[35m[1mScanning dependencies of target rosilo_polaris_vega_generate_messages[0m
[35m[1mScanning dependencies of target rosilo_polaris_vega[0m
[ 63%] Built target rosilo_polaris_vega_generate_messages
[ 72%] [32mBuilding CXX object CMakeFiles/rosilo_polaris_vega.dir/src/rosilo_polaris_vega_interface.cpp.o[0m
[ 81%] [32m[1mLinking CXX shared library /home/yuki/git/ctyuen2022/catkin_ws/devel_release/.private/rosilo_polaris_vega/lib/librosilo_polaris_vega.so[0m
[ 81%] Built target rosilo_polaris_vega
[35m[1mScanning dependencies of target rosilo_polaris_vega_interface_example[0m
[ 90%] [32mBuilding CXX object CMakeFiles/rosilo_polaris_vega_interface_example.dir/src/rosilo_polaris_vega_interface_example.cpp.o[0m
[100%] [32m[1mLinking CXX executable /home/yuki/git/ctyuen2022/catkin_ws/devel_release/.private/rosilo_polaris_vega/lib/rosilo_polaris_vega/rosilo_polaris_vega_interface_example[0m
[100%] Built target rosilo_polaris_vega_interface_example
