[35m[1mScanning dependencies of target rosgraph_msgs_generate_messages_eus[0m
[35m[1mScanning dependencies of target std_msgs_generate_messages_py[0m
[35m[1mScanning dependencies of target roscpp_generate_messages_cpp[0m
[35m[1mScanning dependencies of target rosgraph_msgs_generate_messages_nodejs[0m
[35m[1mScanning dependencies of target std_msgs_generate_messages_nodejs[0m
[35m[1mScanning dependencies of target std_msgs_generate_messages_cpp[0m
[35m[1mScanning dependencies of target rosgraph_msgs_generate_messages_cpp[0m
[35m[1mScanning dependencies of target std_msgs_generate_messages_eus[0m
[35m[1mScanning dependencies of target roscpp_generate_messages_eus[0m
[35m[1mScanning dependencies of target rosgraph_msgs_generate_messages_py[0m
[35m[1mScanning dependencies of target rosgraph_msgs_generate_messages_lisp[0m
[35m[1mScanning dependencies of target roscpp_generate_messages_py[0m
[35m[1mScanning dependencies of target roscpp_generate_messages_nodejs[0m
[35m[1mScanning dependencies of target std_msgs_generate_messages_lisp[0m
[35m[1mScanning dependencies of target roscpp_generate_messages_lisp[0m
[35m[1mScanning dependencies of target rosilo_robot_driver_denso_OTHER_FILES[0m
[  0%] Built target rosgraph_msgs_generate_messages_cpp
[  0%] Built target rosgraph_msgs_generate_messages_nodejs
[  0%] Built target rosgraph_msgs_generate_messages_eus
[  0%] Built target std_msgs_generate_messages_nodejs
[  0%] Built target std_msgs_generate_messages_py
[  0%] Built target roscpp_generate_messages_cpp
[  0%] Built target roscpp_generate_messages_py
[  0%] Built target std_msgs_generate_messages_cpp
[  0%] Built target rosgraph_msgs_generate_messages_py
[  0%] Built target std_msgs_generate_messages_eus
[  0%] Built target std_msgs_generate_messages_lisp
[  0%] Built target rosgraph_msgs_generate_messages_lisp
[  0%] Built target roscpp_generate_messages_eus
[  0%] Built target roscpp_generate_messages_nodejs
[  0%] Built target roscpp_generate_messages_lisp
[  0%] Built target rosilo_robot_driver_denso_OTHER_FILES
[35m[1mScanning dependencies of target rosilo_robot_driver_denso[0m
[ 33%] [32mBuilding CXX object CMakeFiles/rosilo_robot_driver_denso.dir/src/rosilo_driver_bcap.cpp.o[0m
[ 33%] [32mBuilding C object CMakeFiles/rosilo_robot_driver_denso.dir/src/bcap/dn_udp.c.o[0m
[ 33%] [32mBuilding CXX object CMakeFiles/rosilo_robot_driver_denso.dir/src/rosilo_robot_driver_denso.cpp.o[0m
[ 33%] [32mBuilding C object CMakeFiles/rosilo_robot_driver_denso.dir/src/bcap/bCAPClient/bcap_client.c.o[0m
[ 41%] [32mBuilding C object CMakeFiles/rosilo_robot_driver_denso.dir/src/bcap/dn_device.c.o[0m
[ 50%] [32mBuilding C object CMakeFiles/rosilo_robot_driver_denso.dir/src/bcap/bcap_common.c.o[0m
[ 58%] [32mBuilding C object CMakeFiles/rosilo_robot_driver_denso.dir/src/bcap/dn_com.c.o[0m
[ 66%] [32mBuilding C object CMakeFiles/rosilo_robot_driver_denso.dir/src/bcap/dn_common.c.o[0m
[ 75%] [32mBuilding C object CMakeFiles/rosilo_robot_driver_denso.dir/src/bcap/dn_tcp.c.o[0m
[ 83%] [32mBuilding C object CMakeFiles/rosilo_robot_driver_denso.dir/src/bcap/dn_thread.c.o[0m
[ 91%] [32mBuilding C object CMakeFiles/rosilo_robot_driver_denso.dir/src/bcap/dn_socket.c.o[0m
[01m[Kcc1:[m[K [01;35m[Kwarning: [m[Kcommand line option ‘[01m[K-std=c++11[m[K’ is valid for C++/ObjC++ but not for C
[01m[Kcc1:[m[K [01;35m[Kwarning: [m[Kcommand line option ‘[01m[K-std=c++11[m[K’ is valid for C++/ObjC++ but not for C
[01m[Kcc1:[m[K [01;35m[Kwarning: [m[Kcommand line option ‘[01m[K-std=c++11[m[K’ is valid for C++/ObjC++ but not for C
[01m[Kcc1:[m[K [01;35m[Kwarning: [m[Kcommand line option ‘[01m[K-std=c++11[m[K’ is valid for C++/ObjC++ but not for C
[01m[Kcc1:[m[K [01;35m[Kwarning: [m[Kcommand line option ‘[01m[K-std=c++11[m[K’ is valid for C++/ObjC++ but not for C
[01m[Kcc1:[m[K [01;35m[Kwarning: [m[Kcommand line option ‘[01m[K-std=c++11[m[K’ is valid for C++/ObjC++ but not for C
[01m[Kcc1:[m[K [01;35m[Kwarning: [m[Kcommand line option ‘[01m[K-std=c++11[m[K’ is valid for C++/ObjC++ but not for C
[01m[Kcc1:[m[K [01;35m[Kwarning: [m[Kcommand line option ‘[01m[K-std=c++11[m[K’ is valid for C++/ObjC++ but not for C
[01m[Kcc1:[m[K [01;35m[Kwarning: [m[Kcommand line option ‘[01m[K-std=c++11[m[K’ is valid for C++/ObjC++ but not for C
[100%] [32m[1mLinking CXX shared library /home/yuki/git/ctyuen2022/catkin_ws/devel_release/.private/rosilo_robot_driver_denso/lib/librosilo_robot_driver_denso.so[0m
[100%] Built target rosilo_robot_driver_denso
